<?xml version="1.0" encoding="UTF-8" ?>
<testsuite failures="0" time="13.955" errors="1" skipped="0" tests="2" name="au.id.cpd.eigenfaces.test.TestImageModel">
  <properties>
[...]
</properties>
  <testcase time="6.681" classname="au.id.cpd.eigenfaces.test.TestImageModel" name="testLearn"/>
  <testcase time="7.273" classname="au.id.cpd.eigenfaces.test.TestImageModel" name="testSearch">
    <error message="Index: 92, Size: 92" type="java.lang.IndexOutOfBoundsException">java.lang.IndexOutOfBoundsException: Index: 92, Size: 92
	at java.util.ArrayList.rangeCheck(ArrayList.java:635)
	at java.util.ArrayList.get(ArrayList.java:411)
	at au.id.cpd.eigenfaces.data.operators.SearchAdapter.adapt(SearchAdapter.java:78)
	at au.id.cpd.eigenfaces.test.TestImageModel.testSearch(TestImageModel.java:83)
	at sun.reflect.NativeMethodAccessorImpl.invoke0(Native Method)
	at sun.reflect.NativeMethodAccessorImpl.invoke(NativeMethodAccessorImpl.java:57)
	at sun.reflect.DelegatingMethodAccessorImpl.invoke(DelegatingMethodAccessorImpl.java:43)
	at java.lang.reflect.Method.invoke(Method.java:606)
	at org.junit.runners.model.FrameworkMethod$1.runReflectiveCall(FrameworkMethod.java:47)
	at org.junit.internal.runners.model.ReflectiveCallable.run(ReflectiveCallable.java:12)
	at org.junit.runners.model.FrameworkMethod.invokeExplosively(FrameworkMethod.java:44)
	at org.junit.internal.runners.statements.InvokeMethod.evaluate(InvokeMethod.java:17)
	at org.junit.internal.runners.statements.RunBefores.evaluate(RunBefores.java:26)
	at org.junit.runners.ParentRunner.runLeaf(ParentRunner.java:271)
	at org.junit.runners.BlockJUnit4ClassRunner.runChild(BlockJUnit4ClassRunner.java:70)
	at org.junit.runners.BlockJUnit4ClassRunner.runChild(BlockJUnit4ClassRunner.java:50)
	at org.junit.runners.ParentRunner$3.run(ParentRunner.java:238)
	at org.junit.runners.ParentRunner$1.schedule(ParentRunner.java:63)
	at org.junit.runners.ParentRunner.runChildren(ParentRunner.java:236)
	at org.junit.runners.ParentRunner.access$000(ParentRunner.java:53)
	at org.junit.runners.ParentRunner$2.evaluate(ParentRunner.java:229)
	at org.junit.runners.ParentRunner.run(ParentRunner.java:309)
	at org.apache.maven.surefire.junit4.JUnit4TestSet.execute(JUnit4TestSet.java:53)
	at org.apache.maven.surefire.junit4.JUnit4Provider.executeTestSet(JUnit4Provider.java:123)
	at org.apache.maven.surefire.junit4.JUnit4Provider.invoke(JUnit4Provider.java:104)
	at sun.reflect.NativeMethodAccessorImpl.invoke0(Native Method)
	at sun.reflect.NativeMethodAccessorImpl.invoke(NativeMethodAccessorImpl.java:57)
	at sun.reflect.DelegatingMethodAccessorImpl.invoke(DelegatingMethodAccessorImpl.java:43)
	at java.lang.reflect.Method.invoke(Method.java:606)
	at org.apache.maven.surefire.util.ReflectionUtils.invokeMethodWithArray(ReflectionUtils.java:164)
	at org.apache.maven.surefire.booter.ProviderFactory$ProviderProxy.invoke(ProviderFactory.java:110)
	at org.apache.maven.surefire.booter.SurefireStarter.invokeProvider(SurefireStarter.java:175)
	at org.apache.maven.surefire.booter.SurefireStarter.runSuitesInProcessWhenForked(SurefireStarter.java:107)
	at org.apache.maven.surefire.booter.ForkedBooter.main(ForkedBooter.java:68)
</error>
    <system-err>0Distance: 956318.4940990439
1Distance: 260679.5111457603
2Distance: 223622.04666334746
3Distance: 511275.9845197316
4Distance: 504729.2770467871
5Distance: 404241.9987431553
6Distance: 157670.6052661159
7Distance: 101543.13880348805
8Distance: 187753.9351961228
9Distance: 84877.49740974119
10Distance: 19630.10543409997
11Distance: 55835.24637076439
12Distance: 328267.61316931754
13Distance: 324174.6944871296
14Distance: 129728.25351442775
15Distance: 328198.4935747392
16Distance: 280742.00972482783
17Distance: 204173.35361912823
18Distance: 674401.6072462383
19Distance: 636127.2887076831
20Distance: 633818.6764310601
21Distance: 51015.01667908419
22Distance: 100643.87590765915
23Distance: 374999.3637507778
24Distance: 517391.23903448274
25Distance: 9789.880964836339
26Distance: 169634.16783828015
27Distance: 579730.1592661036
28Distance: 350157.43835438276
29Distance: 383857.1516809219
30Distance: 63926.71561321826
31Distance: 46774.20069946366
32Distance: 40072.634305941116
33Distance: 873944.5337993747
34Distance: 514538.89266036684
35Distance: 441585.63055271935
36Distance: 314685.61320946936
37Distance: 116373.89018468827
38Distance: 67525.08067325584
39Distance: 150521.4210616321
40Distance: 34649.07073768272
41Distance: 501051.6024318839
42Distance: 422461.8919316266
43Distance: 413666.36801041913
44Distance: 283000.70160471025
45Distance: 272237.90446389664
46Distance: 295476.9233654038
47Distance: 699895.2837813031
48Distance: 815317.9352664021
49Distance: 682686.6797815491
50Distance: 374490.5281136377
51Distance: 219470.95628677326
52Distance: 23731.317960503686
53Distance: 76325.66101973687
54Distance: 0.0
55Distance: 123784.64443861038
56Distance: 343122.81138664094
57Distance: 340982.15073554945
58Distance: 334269.44933356426
59Distance: 367162.85687638086
60Distance: 706213.4667611908
61Distance: 712808.2369573128
62Distance: 936086.8707830465
63Distance: 1.884726117522872E7
64Distance: 1.6701592036973283E7
65Distance: 1.585682748369252E7
66Distance: 1.6299527599674031E7
67Distance: 1.6230227710326936E7
68Distance: 1.626379747471318E7
69Distance: 1.3654990544941202E7
70Distance: 1.3538720597642213E7
71Distance: 1.3127038790035253E7
72Distance: 1.5046575674150221E7
73Distance: 1.5387150763980912E7
74Distance: 1.5257871120716128E7
75Distance: 1.5758902187438797E7
76Distance: 1.5652247982166685E7
77Distance: 1.5471560647950808E7
78Distance: 1.5231190668910405E7
79Distance: 1.513596064715861E7
80Distance: 1.5566499140113566E7
81Distance: 1.526002479798001E7
82Distance: 1.5071239616538385E7
83Distance: 1.4985213812983457E7
84Distance: 1.445947757252411E7
85Distance: 1.3570978971405841E7
86Distance: 1.3990606208823383E7
87Distance: 1.2036981167145198E7
88Distance: 1.4688346466352362E7
89Distance: 1.4814986204637075E7
90Distance: 1.1534576960901512E7
91Distance: 1.1049113275096068E7
92Distance: 1.084040562948776E7
MinID: 54 Min Distance; 0.0
</system-err>
  </testcase>
</testsuite>